GET /notes 200 89 - 22.038 ms 14/Jun/2018:12:15:24 +0000 1.1
PUT /note/5b223f6327b13e2686df8d25 200 124 - 43.547 ms 14/Jun/2018:12:17:03 +0000 1.1
PUT /note/5b223f6327b13e2686df8d25 200 116 - 5.133 ms 14/Jun/2018:12:17:10 +0000 1.1
PUT /note/5b223f6327b13e2686df8d25 200 98 - 2.999 ms 14/Jun/2018:12:17:21 +0000 1.1
PUT /note/5b223f6327b13e2686df8d25 200 92 - 4.249 ms 14/Jun/2018:12:18:21 +0000 1.1
PUT /note/5b223f6327b13e2686df8d25 200 101 - 3.337 ms 14/Jun/2018:12:18:26 +0000 1.1
GET /notes 200 89 - 134.284 ms 14/Jun/2018:12:19:09 +0000 1.1
GET /note/5b225d3d86c90d375d6a152b 200 87 - 6.934 ms 14/Jun/2018:12:19:09 +0000 1.1
POST /notes 200 102 - 2.669 ms 14/Jun/2018:12:19:09 +0000 1.1
GET /notes 200 89 - 4.249 ms 14/Jun/2018:12:19:10 +0000 1.1
PUT /note/5b225d3d86c90d375d6a152e 200 363 - 4.966 ms 14/Jun/2018:12:19:10 +0000 1.1
GET /notes 200 89 - 1.352 ms 14/Jun/2018:12:19:10 +0000 1.1
DELETE /note/5b225d3e86c90d375d6a152f 200 99 - 4.342 ms 14/Jun/2018:12:19:10 +0000 1.1
GET /notes 200 89 - 14.319 ms 14/Jun/2018:12:20:39 +0000 1.1
GET /note/5b225d97a5e18337b701c880 200 87 - 5.101 ms 14/Jun/2018:12:20:39 +0000 1.1
POST /notes 200 102 - 3.157 ms 14/Jun/2018:12:20:40 +0000 1.1
GET /notes 200 89 - 2.599 ms 14/Jun/2018:12:20:40 +0000 1.1
PUT /note/5b225d98a5e18337b701c883 200 77 - 6.091 ms 14/Jun/2018:12:20:40 +0000 1.1
GET /notes 200 89 - 3.339 ms 14/Jun/2018:12:20:40 +0000 1.1
DELETE /note/5b225d98a5e18337b701c884 200 99 - 34.975 ms 14/Jun/2018:12:20:40 +0000 1.1
GET /notes 200 2 - 2.815 ms 14/Jun/2018:12:21:15 +0000 1.1
GET /notes 304 - - 17.199 ms 14/Jun/2018:12:21:45 +0000 1.1
GET /notes 200 89 - 15.085 ms 14/Jun/2018:12:23:13 +0000 1.1
GET /note/5b225e3225067a39231681e6 200 87 - 5.180 ms 14/Jun/2018:12:23:14 +0000 1.1
POST /notes 200 102 - 2.714 ms 14/Jun/2018:12:23:14 +0000 1.1
GET /notes 200 89 - 3.014 ms 14/Jun/2018:12:23:15 +0000 1.1
PUT /note/5b225e3225067a39231681e9 200 77 - 8.259 ms 14/Jun/2018:12:23:15 +0000 1.1
GET /notes 200 89 - 3.396 ms 14/Jun/2018:12:23:15 +0000 1.1
DELETE /note/5b225e3325067a39231681ea 200 99 - 34.142 ms 14/Jun/2018:12:23:15 +0000 1.1
GET /notes 200 89 - 14.436 ms 14/Jun/2018:12:23:45 +0000 1.1
GET /note/5b225e5235a3c339696b35a7 200 87 - 5.015 ms 14/Jun/2018:12:23:46 +0000 1.1
POST /notes 200 102 - 2.366 ms 14/Jun/2018:12:23:46 +0000 1.1
GET /notes 200 89 - 4.116 ms 14/Jun/2018:12:23:46 +0000 1.1
PUT /note/5b225e5235a3c339696b35aa 200 77 - 43.859 ms 14/Jun/2018:12:23:46 +0000 1.1
GET /notes 200 89 - 2.270 ms 14/Jun/2018:12:23:47 +0000 1.1
DELETE /note/5b225e5235a3c339696b35ab 200 99 - 3.898 ms 14/Jun/2018:12:23:47 +0000 1.1
